============================================================================
20210815

plugin_id  name 
136929	  JQuery 1.2 < 3.5.0 多个 XSS
10407	    X 服务器检测
69551	    SSL 证书链包含少于 2048 位的 RSA 密钥
142591	  PHP < 7.3.24 多个漏洞
104743	  TLS 1.0 版协议检测
148405	  Apache Tomcat 7.0.0 < 7.0.107 信息披露
147163	  Apache Tomcat 7.0.0 < 7.0.108 RCE
138851	  Apache Tomcat 7.0.x < 7.0.105 WebSocket DoS
71049	    SSH 弱 MAC 算法已启用
70658	    SSH 服务器 CBC 模式密码已启用
============================================================================
20210908
134220	nginx < 1.17.7 信息披露
91572	OpenSSL AES-NI Padding Oracle MitM 信息披露
125313	Microsoft RDP RCE (CVE-2019-0708) (BlueKeep)（未经认证的检查）
73756	Microsoft SQL Server 不支持的版本检测（远程检查）
119766	PHP 7.2.x < 7.2.13 多个漏洞
111216	PHP 7.2.x < 7.2.8 在 EXIF 中自由任意代码执行后使用
130276	PHP < 7.1.33 / 7.2.x < 7.2.24 / 7.3.x < 7.3.11 远程代码执行漏洞。
141355	PHP 7.2 < 7.2.34 / 7.3.x < 7.3.23 / 7.4.x < 7.4.11 多个漏洞
140532	PHP 7.2.x / 7.3.x < 7.3.22 内存泄漏漏洞
123754	PHP 7.2.x < 7.2.17 多个漏洞。
124763	PHP 7.2.x < 7.2.18 基于堆的缓冲区溢出漏洞。
125639	PHP 7.2.x < 7.2.19 多个漏洞。
134162	PHP 7.2.x < 7.2.28 / PHP 7.3.x < 7.3.15 / 7.4.x < 7.4.3 多个漏洞
135926	PHP 7.2.x < 7.2.30 多个漏洞
136741	PHP 7.2.x < 7.2.31 / 7.3.x < 7.3.18、7.4.x < 7.4.6 拒绝服务 (DoS)
109579	PHP 7.2.x < 7.2.5 堆栈缓冲区溢出
139571	PHP 7.2.x < 7.2.33 释放后使用漏洞
111230	PHP 5.6.x < 5.6.37 exif_thumbnail_extract() DoS
105771	PHP 5.6.x < 5.6.33 多个漏洞
11197	多以太网驱动程序帧填充信息披露（Etherleak）
30218	终端服务加密级别不符合 FIPS-140
123828	PHP 7.2.x < 7.2.16 多个漏洞。
107219	PHP 7.2.x < 7.2.3 堆栈缓冲区溢出
127131	PHP 7.2.x < 7.2.21 多个漏洞。
122591	PHP 5.6.x < 5.6.35 安全绕过漏洞
107216	PHP 5.6.x < 5.6.34 堆栈缓冲区溢出
119764	PHP 5.6.x < 5.6.39 多个漏洞
109576	PHP 5.6.x < 5.6.36 多个漏洞
121353	PHP 7.2.x < 7.2.14 多个漏洞。
================================================
